{"/Users/montsemolina/Desktop/SW Construction/SoftwareConstructionBaratie/src/alert.js": {"path":"/Users/montsemolina/Desktop/SW Construction/SoftwareConstructionBaratie/src/alert.js","statementMap":{"0":{"start":{"line":4,"column":4},"end":{"line":9,"column":6}},"1":{"start":{"line":10,"column":4},"end":{"line":10,"column":13}},"2":{"start":{"line":13,"column":0},"end":{"line":13,"column":25}}},"fnMap":{"0":{"name":"message","decl":{"start":{"line":3,"column":16},"end":{"line":3,"column":23}},"loc":{"start":{"line":3,"column":63},"end":{"line":11,"column":1}},"line":3}},"branchMap":{},"s":{"0":1,"1":1,"2":1},"f":{"0":1},"b":{},"_coverageSchema":"1a1c01bbd47fc00a2c39e90264f33305004495a9","hash":"2df795ea51928dfb03f42137cd44061fd6a009d7"}
}
